0 info it worked if it ends with ok
1 verbose cli [ '/usr/bin/node', '/usr/bin/npm', 'run', 'prod' ]
2 info using npm@3.5.2
3 info using node@v8.10.0
4 verbose run-script [ 'preprod', 'prod', 'postprod' ]
5 info lifecycle news-map@1.0.0~preprod: news-map@1.0.0
6 silly lifecycle news-map@1.0.0~preprod: no script for preprod, continuing
7 info lifecycle news-map@1.0.0~prod: news-map@1.0.0
8 verbose lifecycle news-map@1.0.0~prod: unsafe-perm in lifecycle true
9 verbose lifecycle news-map@1.0.0~prod: PATH: /usr/share/npm/bin/node-gyp-bin:/home/ubuntu/News-Map/webpage/node_modules/.bin:/home/ubuntu/.local/bin:/usr/local/sbin:/usr/local/bin:/usr/sbin:/usr/bin:/sbin:/bin:/usr/games:/usr/local/games:/snap/bin
10 verbose lifecycle news-map@1.0.0~prod: CWD: /home/ubuntu/News-Map/webpage
11 silly lifecycle news-map@1.0.0~prod: Args: [ '-c',
11 silly lifecycle   'webpack --mode=production --config .\\client\\static\\webpack.config.prod.js' ]
12 silly lifecycle news-map@1.0.0~prod: Returned: code: 1  signal: null
13 info lifecycle news-map@1.0.0~prod: Failed to exec prod script
14 verbose stack Error: news-map@1.0.0 prod: `webpack --mode=production --config .\client\static\webpack.config.prod.js`
14 verbose stack Exit status 1
14 verbose stack     at EventEmitter.<anonymous> (/usr/share/npm/lib/utils/lifecycle.js:232:16)
14 verbose stack     at emitTwo (events.js:126:13)
14 verbose stack     at EventEmitter.emit (events.js:214:7)
14 verbose stack     at ChildProcess.<anonymous> (/usr/share/npm/lib/utils/spawn.js:24:14)
14 verbose stack     at emitTwo (events.js:126:13)
14 verbose stack     at ChildProcess.emit (events.js:214:7)
14 verbose stack     at maybeClose (internal/child_process.js:925:16)
14 verbose stack     at Process.ChildProcess._handle.onexit (internal/child_process.js:209:5)
15 verbose pkgid news-map@1.0.0
16 verbose cwd /home/ubuntu/News-Map/webpage
17 error Linux 4.15.0-1044-aws
18 error argv "/usr/bin/node" "/usr/bin/npm" "run" "prod"
19 error node v8.10.0
20 error npm  v3.5.2
21 error code ELIFECYCLE
22 error news-map@1.0.0 prod: `webpack --mode=production --config .\client\static\webpack.config.prod.js`
22 error Exit status 1
23 error Failed at the news-map@1.0.0 prod script 'webpack --mode=production --config .\client\static\webpack.config.prod.js'.
23 error Make sure you have the latest version of node.js and npm installed.
23 error If you do, this is most likely a problem with the news-map package,
23 error not with npm itself.
23 error Tell the author that this fails on your system:
23 error     webpack --mode=production --config .\client\static\webpack.config.prod.js
23 error You can get information on how to open an issue for this project with:
23 error     npm bugs news-map
23 error Or if that isn't available, you can get their info via:
23 error     npm owner ls news-map
23 error There is likely additional logging output above.
24 verbose exit [ 1, true ]
